[INFO] Scanning for projects...
[WARNING] 
[WARNING] Some problems were encountered while building the effective model for com.hrbb.loan.biz:loan-pos-biz:jar:1.0.0-SNAPSHOT
[WARNING] 'dependencyManagement.dependencies.dependency.(groupId:artifactId:type:classifier)' must be unique: org.springframework:spring-tx:jar -> duplicate declaration of version ${spring.version} @ com.hrbb.loan:loan:1.0.0-SNAPSHOT, D:\hrbb\workspace\loan\pom.xml, line 236, column 16
[WARNING] 'dependencyManagement.dependencies.dependency.(groupId:artifactId:type:classifier)' must be unique: org.mybatis:mybatis-spring:jar -> duplicate declaration of version ${mybatis-spring.version} @ com.hrbb.loan:loan:1.0.0-SNAPSHOT, D:\hrbb\workspace\loan\pom.xml, line 283, column 16
[WARNING] 'dependencyManagement.dependencies.dependency.(groupId:artifactId:type:classifier)' must be unique: commons-io:commons-io:jar -> version 2.4 vs ${commons-io.version} @ com.hrbb.loan:loan:1.0.0-SNAPSHOT, D:\hrbb\workspace\loan\pom.xml, line 303, column 16
[WARNING] 'dependencyManagement.dependencies.dependency.(groupId:artifactId:type:classifier)' must be unique: com.hrbb.loan.biz:loan-pos-biz:jar -> version ${com.hrbb.loan.version} vs ${loan-pos-biz.version} @ com.hrbb.loan:loan:1.0.0-SNAPSHOT, D:\hrbb\workspace\loan\pom.xml, line 346, column 16
[WARNING] 'build.plugins.plugin.(groupId:artifactId)' must be unique but found duplicate declaration of plugin org.apache.maven.plugins:maven-surefire-plugin @ com.hrbb.loan:loan:1.0.0-SNAPSHOT, D:\hrbb\workspace\loan\pom.xml, line 480, column 12
[WARNING] 'build.plugins.plugin.(groupId:artifactId)' must be unique but found duplicate declaration of plugin org.codehaus.mojo:cobertura-maven-plugin @ com.hrbb.loan:loan:1.0.0-SNAPSHOT, D:\hrbb\workspace\loan\pom.xml, line 496, column 12
[WARNING] 'build.plugins.plugin.(groupId:artifactId)' must be unique but found duplicate declaration of plugin org.codehaus.mojo:cobertura-maven-plugin @ com.hrbb.loan:loan:1.0.0-SNAPSHOT, D:\hrbb\workspace\loan\pom.xml, line 529, column 12
[WARNING] 'build.plugins.plugin.(groupId:artifactId)' must be unique but found duplicate declaration of plugin org.apache.maven.plugins:maven-surefire-plugin @ com.hrbb.loan:loan:1.0.0-SNAPSHOT, D:\hrbb\workspace\loan\pom.xml, line 533, column 12
[WARNING] 'build.plugins.plugin.version' for org.apache.maven.plugins:maven-resources-plugin is missing. @ com.hrbb.loan:loan:1.0.0-SNAPSHOT, D:\hrbb\workspace\loan\pom.xml, line 487, column 12
[WARNING] 'build.plugins.plugin.version' for org.apache.maven.plugins:maven-surefire-plugin is missing. @ com.hrbb.loan:loan:1.0.0-SNAPSHOT, D:\hrbb\workspace\loan\pom.xml, line 533, column 12
[WARNING] 
[WARNING] Some problems were encountered while building the effective model for com.hrbb.loan.common.dal:loan-pos-dal:jar:1.0.0-SNAPSHOT
[WARNING] 'dependencies.dependency.(groupId:artifactId:type:classifier)' must be unique: org.springframework:spring-test:jar -> duplicate declaration of version (?) @ com.hrbb.loan.common.dal:loan-pos-dal:[unknown-version], D:\hrbb\workspace\loan\loan-pos-dal\pom.xml, line 77, column 15
[WARNING] 'dependencyManagement.dependencies.dependency.(groupId:artifactId:type:classifier)' must be unique: org.springframework:spring-tx:jar -> duplicate declaration of version ${spring.version} @ com.hrbb.loan:loan:1.0.0-SNAPSHOT, D:\hrbb\workspace\loan\pom.xml, line 236, column 16
[WARNING] 'dependencyManagement.dependencies.dependency.(groupId:artifactId:type:classifier)' must be unique: org.mybatis:mybatis-spring:jar -> duplicate declaration of version ${mybatis-spring.version} @ com.hrbb.loan:loan:1.0.0-SNAPSHOT, D:\hrbb\workspace\loan\pom.xml, line 283, column 16
[WARNING] 'dependencyManagement.dependencies.dependency.(groupId:artifactId:type:classifier)' must be unique: commons-io:commons-io:jar -> version 2.4 vs ${commons-io.version} @ com.hrbb.loan:loan:1.0.0-SNAPSHOT, D:\hrbb\workspace\loan\pom.xml, line 303, column 16
[WARNING] 'dependencyManagement.dependencies.dependency.(groupId:artifactId:type:classifier)' must be unique: com.hrbb.loan.biz:loan-pos-biz:jar -> version ${com.hrbb.loan.version} vs ${loan-pos-biz.version} @ com.hrbb.loan:loan:1.0.0-SNAPSHOT, D:\hrbb\workspace\loan\pom.xml, line 346, column 16
[WARNING] 'build.plugins.plugin.(groupId:artifactId)' must be unique but found duplicate declaration of plugin org.apache.maven.plugins:maven-surefire-plugin @ com.hrbb.loan:loan:1.0.0-SNAPSHOT, D:\hrbb\workspace\loan\pom.xml, line 480, column 12
[WARNING] 'build.plugins.plugin.(groupId:artifactId)' must be unique but found duplicate declaration of plugin org.codehaus.mojo:cobertura-maven-plugin @ com.hrbb.loan:loan:1.0.0-SNAPSHOT, D:\hrbb\workspace\loan\pom.xml, line 496, column 12
[WARNING] 'build.plugins.plugin.(groupId:artifactId)' must be unique but found duplicate declaration of plugin org.codehaus.mojo:cobertura-maven-plugin @ com.hrbb.loan:loan:1.0.0-SNAPSHOT, D:\hrbb\workspace\loan\pom.xml, line 529, column 12
[WARNING] 'build.plugins.plugin.(groupId:artifactId)' must be unique but found duplicate declaration of plugin org.apache.maven.plugins:maven-surefire-plugin @ com.hrbb.loan:loan:1.0.0-SNAPSHOT, D:\hrbb\workspace\loan\pom.xml, line 533, column 12
[WARNING] 'build.plugins.plugin.version' for org.apache.maven.plugins:maven-resources-plugin is missing. @ com.hrbb.loan:loan:1.0.0-SNAPSHOT, D:\hrbb\workspace\loan\pom.xml, line 487, column 12
[WARNING] 'build.plugins.plugin.version' for org.apache.maven.plugins:maven-surefire-plugin is missing. @ com.hrbb.loan:loan:1.0.0-SNAPSHOT, D:\hrbb\workspace\loan\pom.xml, line 533, column 12
[WARNING] 
[WARNING] Some problems were encountered while building the effective model for com.hrbb.loan.common.integration:loan-pos-integration:jar:1.0.0-SNAPSHOT
[WARNING] 'dependencyManagement.dependencies.dependency.(groupId:artifactId:type:classifier)' must be unique: org.springframework:spring-tx:jar -> duplicate declaration of version ${spring.version} @ com.hrbb.loan:loan:1.0.0-SNAPSHOT, D:\hrbb\workspace\loan\pom.xml, line 236, column 16
[WARNING] 'dependencyManagement.dependencies.dependency.(groupId:artifactId:type:classifier)' must be unique: org.mybatis:mybatis-spring:jar -> duplicate declaration of version ${mybatis-spring.version} @ com.hrbb.loan:loan:1.0.0-SNAPSHOT, D:\hrbb\workspace\loan\pom.xml, line 283, column 16
[WARNING] 'dependencyManagement.dependencies.dependency.(groupId:artifactId:type:classifier)' must be unique: commons-io:commons-io:jar -> version 2.4 vs ${commons-io.version} @ com.hrbb.loan:loan:1.0.0-SNAPSHOT, D:\hrbb\workspace\loan\pom.xml, line 303, column 16
[WARNING] 'dependencyManagement.dependencies.dependency.(groupId:artifactId:type:classifier)' must be unique: com.hrbb.loan.biz:loan-pos-biz:jar -> version ${com.hrbb.loan.version} vs ${loan-pos-biz.version} @ com.hrbb.loan:loan:1.0.0-SNAPSHOT, D:\hrbb\workspace\loan\pom.xml, line 346, column 16
[WARNING] 'build.plugins.plugin.(groupId:artifactId)' must be unique but found duplicate declaration of plugin org.apache.maven.plugins:maven-surefire-plugin @ com.hrbb.loan:loan:1.0.0-SNAPSHOT, D:\hrbb\workspace\loan\pom.xml, line 480, column 12
[WARNING] 'build.plugins.plugin.(groupId:artifactId)' must be unique but found duplicate declaration of plugin org.codehaus.mojo:cobertura-maven-plugin @ com.hrbb.loan:loan:1.0.0-SNAPSHOT, D:\hrbb\workspace\loan\pom.xml, line 496, column 12
[WARNING] 'build.plugins.plugin.(groupId:artifactId)' must be unique but found duplicate declaration of plugin org.codehaus.mojo:cobertura-maven-plugin @ com.hrbb.loan:loan:1.0.0-SNAPSHOT, D:\hrbb\workspace\loan\pom.xml, line 529, column 12
[WARNING] 'build.plugins.plugin.(groupId:artifactId)' must be unique but found duplicate declaration of plugin org.apache.maven.plugins:maven-surefire-plugin @ com.hrbb.loan:loan:1.0.0-SNAPSHOT, D:\hrbb\workspace\loan\pom.xml, line 533, column 12
[WARNING] 'build.plugins.plugin.version' for org.apache.maven.plugins:maven-resources-plugin is missing. @ com.hrbb.loan:loan:1.0.0-SNAPSHOT, D:\hrbb\workspace\loan\pom.xml, line 487, column 12
[WARNING] 'build.plugins.plugin.version' for org.apache.maven.plugins:maven-surefire-plugin is missing. @ com.hrbb.loan:loan:1.0.0-SNAPSHOT, D:\hrbb\workspace\loan\pom.xml, line 533, column 12
[WARNING] 
[WARNING] Some problems were encountered while building the effective model for com.hrbb.loan.common.util:loan-pos-util:jar:1.0.0-SNAPSHOT
[WARNING] 'dependencies.dependency.(groupId:artifactId:type:classifier)' must be unique: dom4j:dom4j:jar -> duplicate declaration of version 1.6.1 @ com.hrbb.loan.common.util:loan-pos-util:[unknown-version], D:\hrbb\workspace\loan\loan-pos-util\pom.xml, line 50, column 15
[WARNING] 'dependencyManagement.dependencies.dependency.(groupId:artifactId:type:classifier)' must be unique: org.springframework:spring-tx:jar -> duplicate declaration of version ${spring.version} @ com.hrbb.loan:loan:1.0.0-SNAPSHOT, D:\hrbb\workspace\loan\pom.xml, line 236, column 16
[WARNING] 'dependencyManagement.dependencies.dependency.(groupId:artifactId:type:classifier)' must be unique: org.mybatis:mybatis-spring:jar -> duplicate declaration of version ${mybatis-spring.version} @ com.hrbb.loan:loan:1.0.0-SNAPSHOT, D:\hrbb\workspace\loan\pom.xml, line 283, column 16
[WARNING] 'dependencyManagement.dependencies.dependency.(groupId:artifactId:type:classifier)' must be unique: commons-io:commons-io:jar -> version 2.4 vs ${commons-io.version} @ com.hrbb.loan:loan:1.0.0-SNAPSHOT, D:\hrbb\workspace\loan\pom.xml, line 303, column 16
[WARNING] 'dependencyManagement.dependencies.dependency.(groupId:artifactId:type:classifier)' must be unique: com.hrbb.loan.biz:loan-pos-biz:jar -> version ${com.hrbb.loan.version} vs ${loan-pos-biz.version} @ com.hrbb.loan:loan:1.0.0-SNAPSHOT, D:\hrbb\workspace\loan\pom.xml, line 346, column 16
[WARNING] 'build.plugins.plugin.(groupId:artifactId)' must be unique but found duplicate declaration of plugin org.apache.maven.plugins:maven-surefire-plugin @ com.hrbb.loan:loan:1.0.0-SNAPSHOT, D:\hrbb\workspace\loan\pom.xml, line 480, column 12
[WARNING] 'build.plugins.plugin.(groupId:artifactId)' must be unique but found duplicate declaration of plugin org.codehaus.mojo:cobertura-maven-plugin @ com.hrbb.loan:loan:1.0.0-SNAPSHOT, D:\hrbb\workspace\loan\pom.xml, line 496, column 12
[WARNING] 'build.plugins.plugin.(groupId:artifactId)' must be unique but found duplicate declaration of plugin org.codehaus.mojo:cobertura-maven-plugin @ com.hrbb.loan:loan:1.0.0-SNAPSHOT, D:\hrbb\workspace\loan\pom.xml, line 529, column 12
[WARNING] 'build.plugins.plugin.(groupId:artifactId)' must be unique but found duplicate declaration of plugin org.apache.maven.plugins:maven-surefire-plugin @ com.hrbb.loan:loan:1.0.0-SNAPSHOT, D:\hrbb\workspace\loan\pom.xml, line 533, column 12
[WARNING] 'build.plugins.plugin.version' for org.apache.maven.plugins:maven-resources-plugin is missing. @ com.hrbb.loan:loan:1.0.0-SNAPSHOT, D:\hrbb\workspace\loan\pom.xml, line 487, column 12
[WARNING] 'build.plugins.plugin.version' for org.apache.maven.plugins:maven-surefire-plugin is missing. @ com.hrbb.loan:loan:1.0.0-SNAPSHOT, D:\hrbb\workspace\loan\pom.xml, line 533, column 12
[WARNING] 
[WARNING] Some problems were encountered while building the effective model for com.hrbb.loan.service:loan-pos-service:jar:1.0.0-SNAPSHOT
[WARNING] 'dependencies.dependency.(groupId:artifactId:type:classifier)' must be unique: com.hrbb.loan.common.dal:loan-pos-dal:jar -> duplicate declaration of version (?) @ com.hrbb.loan.service:loan-pos-service:[unknown-version], D:\hrbb\workspace\loan\loan-pos-service\pom.xml, line 41, column 14
[WARNING] 'dependencies.dependency.(groupId:artifactId:type:classifier)' must be unique: com.alibaba:fastjson:jar -> duplicate declaration of version (?) @ com.hrbb.loan.service:loan-pos-service:[unknown-version], D:\hrbb\workspace\loan\loan-pos-service\pom.xml, line 49, column 14
[WARNING] 'dependencyManagement.dependencies.dependency.(groupId:artifactId:type:classifier)' must be unique: org.springframework:spring-tx:jar -> duplicate declaration of version ${spring.version} @ com.hrbb.loan:loan:1.0.0-SNAPSHOT, D:\hrbb\workspace\loan\pom.xml, line 236, column 16
[WARNING] 'dependencyManagement.dependencies.dependency.(groupId:artifactId:type:classifier)' must be unique: org.mybatis:mybatis-spring:jar -> duplicate declaration of version ${mybatis-spring.version} @ com.hrbb.loan:loan:1.0.0-SNAPSHOT, D:\hrbb\workspace\loan\pom.xml, line 283, column 16
[WARNING] 'dependencyManagement.dependencies.dependency.(groupId:artifactId:type:classifier)' must be unique: commons-io:commons-io:jar -> version 2.4 vs ${commons-io.version} @ com.hrbb.loan:loan:1.0.0-SNAPSHOT, D:\hrbb\workspace\loan\pom.xml, line 303, column 16
[WARNING] 'dependencyManagement.dependencies.dependency.(groupId:artifactId:type:classifier)' must be unique: com.hrbb.loan.biz:loan-pos-biz:jar -> version ${com.hrbb.loan.version} vs ${loan-pos-biz.version} @ com.hrbb.loan:loan:1.0.0-SNAPSHOT, D:\hrbb\workspace\loan\pom.xml, line 346, column 16
[WARNING] 'build.plugins.plugin.(groupId:artifactId)' must be unique but found duplicate declaration of plugin org.apache.maven.plugins:maven-surefire-plugin @ com.hrbb.loan:loan:1.0.0-SNAPSHOT, D:\hrbb\workspace\loan\pom.xml, line 480, column 12
[WARNING] 'build.plugins.plugin.(groupId:artifactId)' must be unique but found duplicate declaration of plugin org.codehaus.mojo:cobertura-maven-plugin @ com.hrbb.loan:loan:1.0.0-SNAPSHOT, D:\hrbb\workspace\loan\pom.xml, line 496, column 12
[WARNING] 'build.plugins.plugin.(groupId:artifactId)' must be unique but found duplicate declaration of plugin org.codehaus.mojo:cobertura-maven-plugin @ com.hrbb.loan:loan:1.0.0-SNAPSHOT, D:\hrbb\workspace\loan\pom.xml, line 529, column 12
[WARNING] 'build.plugins.plugin.(groupId:artifactId)' must be unique but found duplicate declaration of plugin org.apache.maven.plugins:maven-surefire-plugin @ com.hrbb.loan:loan:1.0.0-SNAPSHOT, D:\hrbb\workspace\loan\pom.xml, line 533, column 12
[WARNING] 'build.plugins.plugin.version' for org.apache.maven.plugins:maven-resources-plugin is missing. @ com.hrbb.loan:loan:1.0.0-SNAPSHOT, D:\hrbb\workspace\loan\pom.xml, line 487, column 12
[WARNING] 'build.plugins.plugin.version' for org.apache.maven.plugins:maven-surefire-plugin is missing. @ com.hrbb.loan:loan:1.0.0-SNAPSHOT, D:\hrbb\workspace\loan\pom.xml, line 533, column 12
[WARNING] 
[WARNING] Some problems were encountered while building the effective model for com.hrbb.loan.test:loan-pos-test:jar:1.0.0-SNAPSHOT
[WARNING] 'dependencyManagement.dependencies.dependency.(groupId:artifactId:type:classifier)' must be unique: org.springframework:spring-tx:jar -> duplicate declaration of version ${spring.version} @ com.hrbb.loan:loan:1.0.0-SNAPSHOT, D:\hrbb\workspace\loan\pom.xml, line 236, column 16
[WARNING] 'dependencyManagement.dependencies.dependency.(groupId:artifactId:type:classifier)' must be unique: org.mybatis:mybatis-spring:jar -> duplicate declaration of version ${mybatis-spring.version} @ com.hrbb.loan:loan:1.0.0-SNAPSHOT, D:\hrbb\workspace\loan\pom.xml, line 283, column 16
[WARNING] 'dependencyManagement.dependencies.dependency.(groupId:artifactId:type:classifier)' must be unique: commons-io:commons-io:jar -> version 2.4 vs ${commons-io.version} @ com.hrbb.loan:loan:1.0.0-SNAPSHOT, D:\hrbb\workspace\loan\pom.xml, line 303, column 16
[WARNING] 'dependencyManagement.dependencies.dependency.(groupId:artifactId:type:classifier)' must be unique: com.hrbb.loan.biz:loan-pos-biz:jar -> version ${com.hrbb.loan.version} vs ${loan-pos-biz.version} @ com.hrbb.loan:loan:1.0.0-SNAPSHOT, D:\hrbb\workspace\loan\pom.xml, line 346, column 16
[WARNING] 'build.plugins.plugin.(groupId:artifactId)' must be unique but found duplicate declaration of plugin org.apache.maven.plugins:maven-surefire-plugin @ com.hrbb.loan:loan:1.0.0-SNAPSHOT, D:\hrbb\workspace\loan\pom.xml, line 480, column 12
[WARNING] 'build.plugins.plugin.(groupId:artifactId)' must be unique but found duplicate declaration of plugin org.codehaus.mojo:cobertura-maven-plugin @ com.hrbb.loan:loan:1.0.0-SNAPSHOT, D:\hrbb\workspace\loan\pom.xml, line 496, column 12
[WARNING] 'build.plugins.plugin.(groupId:artifactId)' must be unique but found duplicate declaration of plugin org.codehaus.mojo:cobertura-maven-plugin @ com.hrbb.loan:loan:1.0.0-SNAPSHOT, D:\hrbb\workspace\loan\pom.xml, line 529, column 12
[WARNING] 'build.plugins.plugin.(groupId:artifactId)' must be unique but found duplicate declaration of plugin org.apache.maven.plugins:maven-surefire-plugin @ com.hrbb.loan:loan:1.0.0-SNAPSHOT, D:\hrbb\workspace\loan\pom.xml, line 533, column 12
[WARNING] 'build.plugins.plugin.version' for org.apache.maven.plugins:maven-resources-plugin is missing. @ com.hrbb.loan:loan:1.0.0-SNAPSHOT, D:\hrbb\workspace\loan\pom.xml, line 487, column 12
[WARNING] 
[WARNING] Some problems were encountered while building the effective model for com.hrbb.loan.web:loan-pos-web:war:1.0.0-SNAPSHOT
[WARNING] 'dependencies.dependency.(groupId:artifactId:type:classifier)' must be unique: org.mybatis:mybatis-spring:jar -> duplicate declaration of version (?) @ com.hrbb.loan.web:loan-pos-web:[unknown-version], D:\hrbb\workspace\loan\loan-pos-web\pom.xml, line 215, column 15
[WARNING] 'dependencies.dependency.(groupId:artifactId:type:classifier)' must be unique: commons-io:commons-io:jar -> duplicate declaration of version (?) @ com.hrbb.loan.web:loan-pos-web:[unknown-version], D:\hrbb\workspace\loan\loan-pos-web\pom.xml, line 232, column 15
[WARNING] 'dependencies.dependency.(groupId:artifactId:type:classifier)' must be unique: commons-collections:commons-collections:jar -> duplicate declaration of version (?) @ com.hrbb.loan.web:loan-pos-web:[unknown-version], D:\hrbb\workspace\loan\loan-pos-web\pom.xml, line 279, column 15
[WARNING] 'dependencyManagement.dependencies.dependency.(groupId:artifactId:type:classifier)' must be unique: org.springframework:spring-tx:jar -> duplicate declaration of version ${spring.version} @ com.hrbb.loan:loan:1.0.0-SNAPSHOT, D:\hrbb\workspace\loan\pom.xml, line 236, column 16
[WARNING] 'dependencyManagement.dependencies.dependency.(groupId:artifactId:type:classifier)' must be unique: org.mybatis:mybatis-spring:jar -> duplicate declaration of version ${mybatis-spring.version} @ com.hrbb.loan:loan:1.0.0-SNAPSHOT, D:\hrbb\workspace\loan\pom.xml, line 283, column 16
[WARNING] 'dependencyManagement.dependencies.dependency.(groupId:artifactId:type:classifier)' must be unique: commons-io:commons-io:jar -> version 2.4 vs ${commons-io.version} @ com.hrbb.loan:loan:1.0.0-SNAPSHOT, D:\hrbb\workspace\loan\pom.xml, line 303, column 16
[WARNING] 'dependencyManagement.dependencies.dependency.(groupId:artifactId:type:classifier)' must be unique: com.hrbb.loan.biz:loan-pos-biz:jar -> version ${com.hrbb.loan.version} vs ${loan-pos-biz.version} @ com.hrbb.loan:loan:1.0.0-SNAPSHOT, D:\hrbb\workspace\loan\pom.xml, line 346, column 16
[WARNING] 'build.plugins.plugin.(groupId:artifactId)' must be unique but found duplicate declaration of plugin org.apache.maven.plugins:maven-surefire-plugin @ com.hrbb.loan:loan:1.0.0-SNAPSHOT, D:\hrbb\workspace\loan\pom.xml, line 480, column 12
[WARNING] 'build.plugins.plugin.(groupId:artifactId)' must be unique but found duplicate declaration of plugin org.codehaus.mojo:cobertura-maven-plugin @ com.hrbb.loan:loan:1.0.0-SNAPSHOT, D:\hrbb\workspace\loan\pom.xml, line 496, column 12
[WARNING] 'build.plugins.plugin.(groupId:artifactId)' must be unique but found duplicate declaration of plugin org.codehaus.mojo:cobertura-maven-plugin @ com.hrbb.loan:loan:1.0.0-SNAPSHOT, D:\hrbb\workspace\loan\pom.xml, line 529, column 12
[WARNING] 'build.plugins.plugin.(groupId:artifactId)' must be unique but found duplicate declaration of plugin org.apache.maven.plugins:maven-surefire-plugin @ com.hrbb.loan:loan:1.0.0-SNAPSHOT, D:\hrbb\workspace\loan\pom.xml, line 533, column 12
[WARNING] 'build.plugins.plugin.version' for org.apache.maven.plugins:maven-resources-plugin is missing. @ com.hrbb.loan:loan:1.0.0-SNAPSHOT, D:\hrbb\workspace\loan\pom.xml, line 487, column 12
[WARNING] 'build.plugins.plugin.version' for org.apache.maven.plugins:maven-surefire-plugin is missing. @ com.hrbb.loan:loan:1.0.0-SNAPSHOT, D:\hrbb\workspace\loan\pom.xml, line 533, column 12
[WARNING] 
[WARNING] Some problems were encountered while building the effective model for com.hrbb.loan:loan-pos-xstream:jar:1.0.0-SNAPSHOT
[WARNING] 'dependencyManagement.dependencies.dependency.(groupId:artifactId:type:classifier)' must be unique: org.springframework:spring-tx:jar -> duplicate declaration of version ${spring.version} @ com.hrbb.loan:loan:1.0.0-SNAPSHOT, D:\hrbb\workspace\loan\pom.xml, line 236, column 16
[WARNING] 'dependencyManagement.dependencies.dependency.(groupId:artifactId:type:classifier)' must be unique: org.mybatis:mybatis-spring:jar -> duplicate declaration of version ${mybatis-spring.version} @ com.hrbb.loan:loan:1.0.0-SNAPSHOT, D:\hrbb\workspace\loan\pom.xml, line 283, column 16
[WARNING] 'dependencyManagement.dependencies.dependency.(groupId:artifactId:type:classifier)' must be unique: commons-io:commons-io:jar -> version 2.4 vs ${commons-io.version} @ com.hrbb.loan:loan:1.0.0-SNAPSHOT, D:\hrbb\workspace\loan\pom.xml, line 303, column 16
[WARNING] 'dependencyManagement.dependencies.dependency.(groupId:artifactId:type:classifier)' must be unique: com.hrbb.loan.biz:loan-pos-biz:jar -> version ${com.hrbb.loan.version} vs ${loan-pos-biz.version} @ com.hrbb.loan:loan:1.0.0-SNAPSHOT, D:\hrbb\workspace\loan\pom.xml, line 346, column 16
[WARNING] 'build.plugins.plugin.(groupId:artifactId)' must be unique but found duplicate declaration of plugin org.apache.maven.plugins:maven-surefire-plugin @ com.hrbb.loan:loan:1.0.0-SNAPSHOT, D:\hrbb\workspace\loan\pom.xml, line 480, column 12
[WARNING] 'build.plugins.plugin.(groupId:artifactId)' must be unique but found duplicate declaration of plugin org.codehaus.mojo:cobertura-maven-plugin @ com.hrbb.loan:loan:1.0.0-SNAPSHOT, D:\hrbb\workspace\loan\pom.xml, line 496, column 12
[WARNING] 'build.plugins.plugin.(groupId:artifactId)' must be unique but found duplicate declaration of plugin org.codehaus.mojo:cobertura-maven-plugin @ com.hrbb.loan:loan:1.0.0-SNAPSHOT, D:\hrbb\workspace\loan\pom.xml, line 529, column 12
[WARNING] 'build.plugins.plugin.(groupId:artifactId)' must be unique but found duplicate declaration of plugin org.apache.maven.plugins:maven-surefire-plugin @ com.hrbb.loan:loan:1.0.0-SNAPSHOT, D:\hrbb\workspace\loan\pom.xml, line 533, column 12
[WARNING] 'build.plugins.plugin.version' for org.apache.maven.plugins:maven-resources-plugin is missing. @ com.hrbb.loan:loan:1.0.0-SNAPSHOT, D:\hrbb\workspace\loan\pom.xml, line 487, column 12
[WARNING] 'build.plugins.plugin.version' for org.apache.maven.plugins:maven-surefire-plugin is missing. @ com.hrbb.loan:loan:1.0.0-SNAPSHOT, D:\hrbb\workspace\loan\pom.xml, line 533, column 12
[WARNING] 
[WARNING] Some problems were encountered while building the effective model for com.hrbb.loan.tools:loan-pos-tools:jar:1.0.0-SNAPSHOT
[WARNING] 'dependencies.dependency.(groupId:artifactId:type:classifier)' must be unique: org.mybatis:mybatis-spring:jar -> duplicate declaration of version (?) @ com.hrbb.loan.tools:loan-pos-tools:[unknown-version], D:\hrbb\workspace\loan\loan-pos-tools\pom.xml, line 98, column 15
[WARNING] 'dependencyManagement.dependencies.dependency.(groupId:artifactId:type:classifier)' must be unique: org.springframework:spring-tx:jar -> duplicate declaration of version ${spring.version} @ com.hrbb.loan:loan:1.0.0-SNAPSHOT, D:\hrbb\workspace\loan\pom.xml, line 236, column 16
[WARNING] 'dependencyManagement.dependencies.dependency.(groupId:artifactId:type:classifier)' must be unique: org.mybatis:mybatis-spring:jar -> duplicate declaration of version ${mybatis-spring.version} @ com.hrbb.loan:loan:1.0.0-SNAPSHOT, D:\hrbb\workspace\loan\pom.xml, line 283, column 16
[WARNING] 'dependencyManagement.dependencies.dependency.(groupId:artifactId:type:classifier)' must be unique: commons-io:commons-io:jar -> version 2.4 vs ${commons-io.version} @ com.hrbb.loan:loan:1.0.0-SNAPSHOT, D:\hrbb\workspace\loan\pom.xml, line 303, column 16
[WARNING] 'dependencyManagement.dependencies.dependency.(groupId:artifactId:type:classifier)' must be unique: com.hrbb.loan.biz:loan-pos-biz:jar -> version ${com.hrbb.loan.version} vs ${loan-pos-biz.version} @ com.hrbb.loan:loan:1.0.0-SNAPSHOT, D:\hrbb\workspace\loan\pom.xml, line 346, column 16
[WARNING] 'build.plugins.plugin.(groupId:artifactId)' must be unique but found duplicate declaration of plugin org.apache.maven.plugins:maven-surefire-plugin @ com.hrbb.loan:loan:1.0.0-SNAPSHOT, D:\hrbb\workspace\loan\pom.xml, line 480, column 12
[WARNING] 'build.plugins.plugin.(groupId:artifactId)' must be unique but found duplicate declaration of plugin org.codehaus.mojo:cobertura-maven-plugin @ com.hrbb.loan:loan:1.0.0-SNAPSHOT, D:\hrbb\workspace\loan\pom.xml, line 496, column 12
[WARNING] 'build.plugins.plugin.(groupId:artifactId)' must be unique but found duplicate declaration of plugin org.codehaus.mojo:cobertura-maven-plugin @ com.hrbb.loan:loan:1.0.0-SNAPSHOT, D:\hrbb\workspace\loan\pom.xml, line 529, column 12
[WARNING] 'build.plugins.plugin.(groupId:artifactId)' must be unique but found duplicate declaration of plugin org.apache.maven.plugins:maven-surefire-plugin @ com.hrbb.loan:loan:1.0.0-SNAPSHOT, D:\hrbb\workspace\loan\pom.xml, line 533, column 12
[WARNING] 'build.plugins.plugin.version' for org.apache.maven.plugins:maven-resources-plugin is missing. @ com.hrbb.loan:loan:1.0.0-SNAPSHOT, D:\hrbb\workspace\loan\pom.xml, line 487, column 12
[WARNING] 'build.plugins.plugin.version' for org.apache.maven.plugins:maven-surefire-plugin is missing. @ com.hrbb.loan:loan:1.0.0-SNAPSHOT, D:\hrbb\workspace\loan\pom.xml, line 533, column 12
[WARNING] 
[WARNING] Some problems were encountered while building the effective model for com.hrbb.loan:loan:pom:1.0.0-SNAPSHOT
[WARNING] 'dependencyManagement.dependencies.dependency.(groupId:artifactId:type:classifier)' must be unique: org.springframework:spring-tx:jar -> duplicate declaration of version ${spring.version} @ line 236, column 16
[WARNING] 'dependencyManagement.dependencies.dependency.(groupId:artifactId:type:classifier)' must be unique: org.mybatis:mybatis-spring:jar -> duplicate declaration of version ${mybatis-spring.version} @ line 283, column 16
[WARNING] 'dependencyManagement.dependencies.dependency.(groupId:artifactId:type:classifier)' must be unique: commons-io:commons-io:jar -> version 2.4 vs ${commons-io.version} @ line 303, column 16
[WARNING] 'dependencyManagement.dependencies.dependency.(groupId:artifactId:type:classifier)' must be unique: com.hrbb.loan.biz:loan-pos-biz:jar -> version ${com.hrbb.loan.version} vs ${loan-pos-biz.version} @ line 346, column 16
[WARNING] 'build.plugins.plugin.(groupId:artifactId)' must be unique but found duplicate declaration of plugin org.apache.maven.plugins:maven-surefire-plugin @ line 480, column 12
[WARNING] 'build.plugins.plugin.(groupId:artifactId)' must be unique but found duplicate declaration of plugin org.codehaus.mojo:cobertura-maven-plugin @ line 496, column 12
[WARNING] 'build.plugins.plugin.(groupId:artifactId)' must be unique but found duplicate declaration of plugin org.codehaus.mojo:cobertura-maven-plugin @ line 529, column 12
[WARNING] 'build.plugins.plugin.(groupId:artifactId)' must be unique but found duplicate declaration of plugin org.apache.maven.plugins:maven-surefire-plugin @ line 533, column 12
[WARNING] 'build.plugins.plugin.version' for org.apache.maven.plugins:maven-resources-plugin is missing. @ line 487, column 12
[WARNING] 'build.plugins.plugin.version' for org.apache.maven.plugins:maven-surefire-plugin is missing. @ line 533, column 12
[WARNING] 
[WARNING] It is highly recommended to fix these problems because they threaten the stability of your build.
[WARNING] 
[WARNING] For this reason, future Maven versions might no longer support building such malformed projects.
[WARNING] 
[INFO] ------------------------------------------------------------------------
[INFO] Reactor Build Order:
[INFO] 
[INFO] loan
[INFO] loan-pos-xstream
[INFO] common-util Desc
[INFO] common-dal Desc
[INFO] service Desc
[INFO] common-facade Desc
[INFO] common-integration Desc
[INFO] biz Desc
[INFO] test Desc
[INFO] web Desc
[INFO] seperate tools
[INFO]                                                                         
[INFO] ------------------------------------------------------------------------
[INFO] Building loan 1.0.0-SNAPSHOT
[INFO] ------------------------------------------------------------------------
[INFO] 
[INFO] --- maven-dependency-plugin:2.8:tree (default-cli) @ loan ---
[INFO] com.hrbb.loan:loan:pom:1.0.0-SNAPSHOT
[INFO]                                                                         
[INFO] ------------------------------------------------------------------------
[INFO] Building loan-pos-xstream 1.0.0-SNAPSHOT
[INFO] ------------------------------------------------------------------------
[INFO] 
[INFO] --- maven-dependency-plugin:2.8:tree (default-cli) @ loan-pos-xstream ---
[INFO] com.hrbb.loan:loan-pos-xstream:jar:1.0.0-SNAPSHOT
[INFO] \- com.thoughtworks.xstream:xstream:jar:1.4.8:compile
[INFO]    +- xmlpull:xmlpull:jar:1.1.3.1:compile
[INFO]    \- xpp3:xpp3_min:jar:1.1.4c:compile
[INFO]                                                                         
[INFO] ------------------------------------------------------------------------
[INFO] Building common-util Desc 1.0.0-SNAPSHOT
[INFO] ------------------------------------------------------------------------
[INFO] 
[INFO] --- maven-dependency-plugin:2.8:tree (default-cli) @ loan-pos-util ---
[INFO] com.hrbb.loan.common.util:loan-pos-util:jar:1.0.0-SNAPSHOT
[INFO] +- commons-net:commons-net:jar:3.3:compile
[INFO] +- com.thoughtworks.xstream:xstream:jar:1.4.8:compile
[INFO] |  +- xmlpull:xmlpull:jar:1.1.3.1:compile
[INFO] |  \- xpp3:xpp3_min:jar:1.1.4c:compile
[INFO] +- org.apache.poi:poi:jar:3.11:compile
[INFO] |  \- commons-codec:commons-codec:jar:1.9:compile
[INFO] +- org.apache.poi:poi-ooxml:jar:3.11:compile
[INFO] |  \- org.apache.poi:poi-ooxml-schemas:jar:3.11:compile
[INFO] |     \- org.apache.xmlbeans:xmlbeans:jar:2.6.0:compile
[INFO] |        \- stax:stax-api:jar:1.0.1:compile
[INFO] +- org.apache.commons:commons-lang3:jar:3.3.2:compile
[INFO] +- dom4j:dom4j:jar:1.6.1:compile
[INFO] |  \- xml-apis:xml-apis:jar:1.0.b2:compile
[INFO] \- org.slf4j:jcl-over-slf4j:jar:1.7.5:compile
[INFO]    \- org.slf4j:slf4j-api:jar:1.7.5:compile
[INFO]                                                                         
[INFO] ------------------------------------------------------------------------
[INFO] Building common-dal Desc 1.0.0-SNAPSHOT
[INFO] ------------------------------------------------------------------------
[INFO] 
[INFO] --- maven-dependency-plugin:2.8:tree (default-cli) @ loan-pos-dal ---
[INFO] com.hrbb.loan.common.dal:loan-pos-dal:jar:1.0.0-SNAPSHOT
[INFO] +- c3p0:c3p0:jar:0.9.1.2:compile
[INFO] +- cglib:cglib-nodep:jar:3.1:compile
[INFO] +- org.springframework:spring-test:jar:3.2.4.RELEASE:compile
[INFO] +- com.hrbb.loan.common.util:loan-pos-util:jar:1.0.0-SNAPSHOT:compile
[INFO] |  +- commons-net:commons-net:jar:3.3:compile
[INFO] |  +- com.thoughtworks.xstream:xstream:jar:1.4.8:compile
[INFO] |  |  +- xmlpull:xmlpull:jar:1.1.3.1:compile
[INFO] |  |  \- xpp3:xpp3_min:jar:1.1.4c:compile
[INFO] |  +- org.apache.poi:poi:jar:3.11:compile
[INFO] |  |  \- commons-codec:commons-codec:jar:1.9:compile
[INFO] |  +- org.apache.poi:poi-ooxml:jar:3.11:compile
[INFO] |  |  \- org.apache.poi:poi-ooxml-schemas:jar:3.11:compile
[INFO] |  |     \- org.apache.xmlbeans:xmlbeans:jar:2.6.0:compile
[INFO] |  |        \- stax:stax-api:jar:1.0.1:compile
[INFO] |  +- org.apache.commons:commons-lang3:jar:3.3.2:compile
[INFO] |  \- dom4j:dom4j:jar:1.6.1:compile
[INFO] |     \- xml-apis:xml-apis:jar:1.0.b2:compile
[INFO] +- org.slf4j:jcl-over-slf4j:jar:1.7.5:compile
[INFO] |  \- org.slf4j:slf4j-api:jar:1.7.5:compile
[INFO] +- com.google.guava:guava:jar:16.0:compile
[INFO] +- mysql:mysql-connector-java:jar:5.1.32:compile
[INFO] +- org.mybatis:mybatis:jar:3.1.1:compile
[INFO] +- org.mybatis:mybatis-spring:jar:1.1.1:compile
[INFO] +- org.mybatis:mybatis-ehcache:jar:1.0.0:compile
[INFO] |  \- net.sf.ehcache:ehcache-core:jar:2.0.0:compile
[INFO] +- org.springframework:spring-context:jar:3.2.4.RELEASE:compile
[INFO] +- org.springframework:spring-core:jar:3.2.4.RELEASE:compile
[INFO] |  \- commons-logging:commons-logging:jar:1.1.1:compile
[INFO] +- org.springframework:spring-beans:jar:3.2.4.RELEASE:compile
[INFO] +- junit:junit:jar:4.11:compile
[INFO] |  \- org.hamcrest:hamcrest-core:jar:1.3:compile
[INFO] +- org.springframework:spring-web:jar:3.2.4.RELEASE:compile
[INFO] |  \- aopalliance:aopalliance:jar:1.0:compile
[INFO] +- org.springframework:spring-webmvc:jar:3.2.4.RELEASE:compile
[INFO] +- org.springframework:spring-aop:jar:3.2.4.RELEASE:compile
[INFO] +- org.springframework:spring-jdbc:jar:3.2.4.RELEASE:compile
[INFO] +- org.springframework:spring-tx:jar:3.2.4.RELEASE:compile
[INFO] +- org.springframework:spring-context-support:jar:3.2.4.RELEASE:compile
[INFO] +- org.springframework:spring-orm:jar:3.2.4.RELEASE:compile
[INFO] +- org.springframework:spring-jms:jar:3.2.4.RELEASE:compile
[INFO] +- org.springframework:spring-expression:jar:3.2.4.RELEASE:compile
[INFO] +- org.springframework:spring-aspects:jar:3.2.4.RELEASE:compile
[INFO] |  \- org.aspectj:aspectjweaver:jar:1.7.2:compile
[INFO] +- org.springframework.data:spring-data-commons:jar:1.7.0.RELEASE:compile
[INFO] +- org.springframework.security:spring-security-core:jar:3.2.4.RELEASE:compile
[INFO] +- org.springframework.security:spring-security-web:jar:3.2.4.RELEASE:compile
[INFO] \- org.springframework.security:spring-security-config:jar:3.2.4.RELEASE:compile
[INFO]                                                                         
[INFO] ------------------------------------------------------------------------
[INFO] Building service Desc 1.0.0-SNAPSHOT
[INFO] ------------------------------------------------------------------------
[INFO] 
[INFO] --- maven-dependency-plugin:2.8:tree (default-cli) @ loan-pos-service ---
[INFO] com.hrbb.loan.service:loan-pos-service:jar:1.0.0-SNAPSHOT
[INFO] +- com.hrbb.loan.common.dal:loan-pos-dal:jar:1.0.0-SNAPSHOT:compile
[INFO] |  +- c3p0:c3p0:jar:0.9.1.2:compile
[INFO] |  +- cglib:cglib-nodep:jar:3.1:compile
[INFO] |  +- org.springframework:spring-test:jar:3.2.4.RELEASE:compile
[INFO] |  +- mysql:mysql-connector-java:jar:5.1.32:compile
[INFO] |  +- org.mybatis:mybatis:jar:3.1.1:compile
[INFO] |  +- org.mybatis:mybatis-spring:jar:1.1.1:compile
[INFO] |  +- org.mybatis:mybatis-ehcache:jar:1.0.0:compile
[INFO] |  |  \- net.sf.ehcache:ehcache-core:jar:2.0.0:compile
[INFO] |  +- org.springframework:spring-context:jar:3.2.4.RELEASE:compile
[INFO] |  +- org.springframework:spring-core:jar:3.2.4.RELEASE:compile
[INFO] |  |  \- commons-logging:commons-logging:jar:1.1.1:compile
[INFO] |  +- org.springframework:spring-beans:jar:3.2.4.RELEASE:compile
[INFO] |  +- junit:junit:jar:4.11:compile
[INFO] |  |  \- org.hamcrest:hamcrest-core:jar:1.3:compile
[INFO] |  +- org.springframework:spring-web:jar:3.2.4.RELEASE:compile
[INFO] |  |  \- aopalliance:aopalliance:jar:1.0:compile
[INFO] |  +- org.springframework:spring-aop:jar:3.2.4.RELEASE:compile
[INFO] |  +- org.springframework:spring-jdbc:jar:3.2.4.RELEASE:compile
[INFO] |  +- org.springframework:spring-tx:jar:3.2.4.RELEASE:compile
[INFO] |  +- org.springframework:spring-context-support:jar:3.2.4.RELEASE:compile
[INFO] |  +- org.springframework:spring-orm:jar:3.2.4.RELEASE:compile
[INFO] |  +- org.springframework:spring-jms:jar:3.2.4.RELEASE:compile
[INFO] |  +- org.springframework:spring-expression:jar:3.2.4.RELEASE:compile
[INFO] |  +- org.springframework:spring-aspects:jar:3.2.4.RELEASE:compile
[INFO] |  |  \- org.aspectj:aspectjweaver:jar:1.7.2:compile
[INFO] |  +- org.springframework.data:spring-data-commons:jar:1.7.0.RELEASE:compile
[INFO] |  +- org.springframework.security:spring-security-core:jar:3.2.4.RELEASE:compile
[INFO] |  +- org.springframework.security:spring-security-web:jar:3.2.4.RELEASE:compile
[INFO] |  \- org.springframework.security:spring-security-config:jar:3.2.4.RELEASE:compile
[INFO] +- com.google.guava:guava:jar:16.0:compile
[INFO] +- com.alibaba:fastjson:jar:1.2.3:compile
[INFO] +- org.springframework:spring-webmvc:jar:3.2.4.RELEASE:compile
[INFO] +- org.slf4j:jcl-over-slf4j:jar:1.7.5:compile
[INFO] |  \- org.slf4j:slf4j-api:jar:1.7.5:compile
[INFO] \- com.hrbb.loan.common.util:loan-pos-util:jar:1.0.0-SNAPSHOT:compile
[INFO]    +- commons-net:commons-net:jar:3.3:compile
[INFO]    +- com.thoughtworks.xstream:xstream:jar:1.4.8:compile
[INFO]    |  +- xmlpull:xmlpull:jar:1.1.3.1:compile
[INFO]    |  \- xpp3:xpp3_min:jar:1.1.4c:compile
[INFO]    +- org.apache.poi:poi:jar:3.11:compile
[INFO]    |  \- commons-codec:commons-codec:jar:1.9:compile
[INFO]    +- org.apache.poi:poi-ooxml:jar:3.11:compile
[INFO]    |  \- org.apache.poi:poi-ooxml-schemas:jar:3.11:compile
[INFO]    |     \- org.apache.xmlbeans:xmlbeans:jar:2.6.0:compile
[INFO]    |        \- stax:stax-api:jar:1.0.1:compile
[INFO]    +- org.apache.commons:commons-lang3:jar:3.3.2:compile
[INFO]    \- dom4j:dom4j:jar:1.6.1:compile
[INFO]       \- xml-apis:xml-apis:jar:1.0.b2:compile
[INFO]                                                                         
[INFO] ------------------------------------------------------------------------
[INFO] Building common-facade Desc 1.0.0-SNAPSHOT
[INFO] ------------------------------------------------------------------------
[INFO] 
[INFO] --- maven-dependency-plugin:2.8:tree (default-cli) @ loan-pos-facade ---
[INFO] com.hrbb.loan.facade:loan-pos-facade:jar:1.0.0-SNAPSHOT
[INFO]                                                                         
[INFO] ------------------------------------------------------------------------
[INFO] Building common-integration Desc 1.0.0-SNAPSHOT
[INFO] ------------------------------------------------------------------------
[WARNING] The artifact javax.xml:jaxrpc:jar:1.1 has been relocated to javax.xml:jaxrpc-api:jar:1.1
[INFO] 
[INFO] --- maven-dependency-plugin:2.8:tree (default-cli) @ loan-pos-integration ---
[WARNING] The artifact javax.xml:jaxrpc:jar:1.1 has been relocated to javax.xml:jaxrpc-api:jar:1.1
[INFO] com.hrbb.loan.common.integration:loan-pos-integration:jar:1.0.0-SNAPSHOT
[INFO] +- javax.xml:jaxrpc-api:jar:1.1:compile
[INFO] +- org.apache.axis:axis:jar:1.4:compile
[INFO] +- com.hrbb.loan.facade:loan-pos-facade:jar:1.0.0-SNAPSHOT:compile
[INFO] +- org.slf4j:slf4j-log4j12:jar:1.7.5:compile
[INFO] |  +- org.slf4j:slf4j-api:jar:1.7.5:compile
[INFO] |  \- log4j:log4j:jar:1.2.17:compile
[INFO] +- commons-httpclient:commons-httpclient:jar:3.1:compile
[INFO] |  +- commons-logging:commons-logging:jar:1.0.4:compile
[INFO] |  \- commons-codec:commons-codec:jar:1.2:compile
[INFO] +- com.hrbb.loan.runtime:runtime:jar:1.0.0-SNAPSHOT:compile
[INFO] |  \- org.apache.mina:mina-core:jar:2.0.7:compile
[INFO] \- com.hrbb.loan.common:common:jar:1.0.0-SNAPSHOT:compile
[INFO]                                                                         
[INFO] ------------------------------------------------------------------------
[INFO] Building biz Desc 1.0.0-SNAPSHOT
[INFO] ------------------------------------------------------------------------
[INFO] 
[INFO] --- maven-dependency-plugin:2.8:tree (default-cli) @ loan-pos-biz ---
[INFO] com.hrbb.loan.biz:loan-pos-biz:jar:1.0.0-SNAPSHOT
[INFO] +- com.hrbb.loan.pos.aic:Authcode:jar:1.0:compile
[INFO] +- com.hrbb.sh:h-framework:jar:1.2.0-SNAPSHOT:compile
[INFO] |  +- log4j:log4j:jar:1.2.17:compile
[INFO] |  +- com.thoughtworks.xstream:xstream:jar:1.4.8:compile
[INFO] |  |  +- xmlpull:xmlpull:jar:1.1.3.1:compile
[INFO] |  |  \- xpp3:xpp3_min:jar:1.1.4c:compile
[INFO] |  +- org.slf4j:slf4j-api:jar:1.7.5:compile
[INFO] |  +- commons-net:commons-net:jar:3.3:compile
[INFO] |  +- joda-time:joda-time:jar:2.7:compile
[INFO] |  +- org.springframework:spring-context:jar:3.2.4.RELEASE:compile
[INFO] |  +- org.springframework:spring-core:jar:3.2.4.RELEASE:compile
[INFO] |  +- org.springframework:spring-beans:jar:3.2.4.RELEASE:compile
[INFO] |  +- org.springframework:spring-test:jar:3.2.4.RELEASE:compile
[INFO] |  +- org.springframework:spring-web:jar:3.2.4.RELEASE:compile
[INFO] |  |  \- aopalliance:aopalliance:jar:1.0:compile
[INFO] |  +- org.springframework:spring-webmvc:jar:3.2.4.RELEASE:compile
[INFO] |  +- org.springframework:spring-aop:jar:3.2.4.RELEASE:compile
[INFO] |  +- org.springframework:spring-jdbc:jar:3.2.4.RELEASE:compile
[INFO] |  +- org.springframework:spring-tx:jar:3.2.4.RELEASE:compile
[INFO] |  +- org.springframework:spring-context-support:jar:3.2.4.RELEASE:compile
[INFO] |  +- org.springframework:spring-aspects:jar:3.2.4.RELEASE:compile
[INFO] |  |  \- org.aspectj:aspectjweaver:jar:1.7.2:compile
[INFO] |  +- org.springframework:spring-expression:jar:3.2.4.RELEASE:compile
[INFO] |  +- org.codehaus.jackson:jackson-mapper-asl:jar:1.9.12:compile
[INFO] |  +- org.codehaus.jackson:jackson-core-asl:jar:1.9.12:compile
[INFO] |  +- org.mybatis:mybatis:jar:3.1.1:compile
[INFO] |  +- org.mybatis:mybatis-spring:jar:1.1.1:compile
[INFO] |  +- org.mybatis:mybatis-ehcache:jar:1.0.0:compile
[INFO] |  |  \- net.sf.ehcache:ehcache-core:jar:2.0.0:compile
[INFO] |  +- junit:junit:jar:4.11:compile
[INFO] |  |  \- org.hamcrest:hamcrest-core:jar:1.3:compile
[INFO] |  +- commons-io:commons-io:jar:2.4:compile
[INFO] |  +- commons-lang:commons-lang:jar:2.6:compile
[INFO] |  +- commons-beanutils:commons-beanutils:jar:1.8.3:compile
[INFO] |  +- commons-codec:commons-codec:jar:1.10:compile
[INFO] |  +- opensymphony:sitemesh:jar:2.4.2:compile
[INFO] |  +- org.freemarker:freemarker:jar:2.3.19:compile
[INFO] |  \- com.google.code.gson:gson:jar:2.2.4:compile
[INFO] +- com.hrbb.sh.framework:framework:jar:1.2.1-SNAPSHOT:compile
[INFO] |  +- org.apache.curator:curator-client:jar:2.7.1:compile
[INFO] |  |  \- org.apache.zookeeper:zookeeper:jar:3.4.6:compile
[INFO] |  |     +- jline:jline:jar:0.9.94:compile
[INFO] |  |     \- io.netty:netty:jar:3.7.0.Final:compile
[INFO] |  +- org.apache.curator:curator-framework:jar:2.7.1:compile
[INFO] |  +- org.apache.curator:curator-recipes:jar:2.7.1:compile
[INFO] |  +- dom4j:dom4j:jar:1.6.1:compile
[INFO] |  |  \- xml-apis:xml-apis:jar:1.0.b2:compile
[INFO] |  \- com.unionpaysmart:sdk4hrbb:jar:0.0.3:compile
[INFO] +- com.hrbb.loan.pos.creditInvestigate:amarcrq-reportjson-decode:jar:b21_g:3.0-beta:compile
[INFO] +- com.hrbb.loan:loan-pos-xstream:jar:1.0.0-SNAPSHOT:compile
[INFO] +- com.hrbb.loan.ftp.client:loan-ftp-client:jar:0.0.1-SNAPSHOT:compile
[INFO] |  +- io.netty:netty-all:jar:4.0.25.Final:compile
[INFO] |  +- commons-logging:commons-logging:jar:1.2:compile
[INFO] |  +- javax.servlet:servlet-api:jar:2.5:compile
[INFO] |  +- commons-fileupload:commons-fileupload:jar:1.2.1:compile
[INFO] |  +- commons-collections:commons-collections:jar:3.2.1:compile
[INFO] |  +- org.springframework:spring-orm:jar:3.2.4.RELEASE:compile
[INFO] |  +- org.springframework:spring-jms:jar:3.2.4.RELEASE:compile
[INFO] |  +- org.springframework.data:spring-data-commons:jar:1.7.0.RELEASE:compile
[INFO] |  +- org.springframework.security:spring-security-core:jar:3.2.4.RELEASE:compile
[INFO] |  +- org.springframework.security:spring-security-web:jar:3.2.4.RELEASE:compile
[INFO] |  +- org.springframework.security:spring-security-config:jar:3.2.4.RELEASE:compile
[INFO] |  +- mysql:mysql-connector-java:jar:5.1.32:compile
[INFO] |  \- org.slf4j:slf4j-log4j12:jar:1.7.5:compile
[INFO] +- com.hrbb.loan.acct.facade:loan-acct-facade:jar:1.0.0-SNAPSHOT:compile
[INFO] |  \- org.hibernate:hibernate-validator:jar:5.0.0.Final:compile
[INFO] |     +- javax.validation:validation-api:jar:1.1.0.Final:compile
[INFO] |     +- org.jboss.logging:jboss-logging:jar:3.1.1.GA:compile
[INFO] |     +- com.fasterxml:classmate:jar:0.8.0:compile
[INFO] |     \- org.glassfish.web:javax.el:jar:2.2.4:runtime
[INFO] |        \- javax.el:javax.el-api:jar:2.2.4:runtime
[INFO] +- com.alibaba:fastjson:jar:1.2.3:compile
[INFO] +- com.hrbb.loan.service:loan-pos-service:jar:1.0.0-SNAPSHOT:compile
[INFO] |  +- com.hrbb.loan.common.dal:loan-pos-dal:jar:1.0.0-SNAPSHOT:compile
[INFO] |  |  +- c3p0:c3p0:jar:0.9.1.2:compile
[INFO] |  |  \- cglib:cglib-nodep:jar:3.1:compile
[INFO] |  +- com.google.guava:guava:jar:16.0:compile
[INFO] |  \- org.slf4j:jcl-over-slf4j:jar:1.7.5:compile
[INFO] +- com.hrbb.loan.common.util:loan-pos-util:jar:1.0.0-SNAPSHOT:compile
[INFO] |  +- org.apache.poi:poi:jar:3.11:compile
[INFO] |  +- org.apache.poi:poi-ooxml:jar:3.11:compile
[INFO] |  |  \- org.apache.poi:poi-ooxml-schemas:jar:3.11:compile
[INFO] |  |     \- org.apache.xmlbeans:xmlbeans:jar:2.6.0:compile
[INFO] |  |        \- stax:stax-api:jar:1.0.1:compile
[INFO] |  \- org.apache.commons:commons-lang3:jar:3.3.2:compile
[INFO] +- com.hrbb.loan.common.integration:loan-pos-integration:jar:1.0.0-SNAPSHOT:compile
[INFO] |  +- javax.xml:jaxrpc-api:jar:1.1:compile
[INFO] |  +- org.apache.axis:axis:jar:1.4:compile
[INFO] |  +- com.hrbb.loan.facade:loan-pos-facade:jar:1.0.0-SNAPSHOT:compile
[INFO] |  +- commons-httpclient:commons-httpclient:jar:3.1:compile
[INFO] |  +- com.hrbb.loan.runtime:runtime:jar:1.0.0-SNAPSHOT:compile
[INFO] |  |  \- org.apache.mina:mina-core:jar:2.0.7:compile
[INFO] |  \- com.hrbb.loan.common:common:jar:1.0.0-SNAPSHOT:compile
[INFO] +- com.caucho:hessian:jar:3.1.5:compile
[INFO] +- org.apache.httpcomponents:httpclient:jar:4.3.6:compile
[INFO] |  \- org.apache.httpcomponents:httpcore:jar:4.3.3:compile
[INFO] +- com.jcraft:jsch:jar:0.1.51:compile
[INFO] \- org.jodd:jodd-core:jar:3.6.3:compile
[INFO]                                                                         
[INFO] ------------------------------------------------------------------------
[INFO] Building test Desc 1.0.0-SNAPSHOT
[INFO] ------------------------------------------------------------------------
[INFO] 
[INFO] --- maven-dependency-plugin:2.8:tree (default-cli) @ loan-pos-test ---
[INFO] com.hrbb.loan.test:loan-pos-test:jar:1.0.0-SNAPSHOT
[INFO] +- org.springframework:spring-jdbc:jar:3.2.4.RELEASE:compile
[INFO] |  +- org.springframework:spring-beans:jar:3.2.4.RELEASE:compile
[INFO] |  +- org.springframework:spring-core:jar:3.2.4.RELEASE:compile
[INFO] |  |  \- commons-logging:commons-logging:jar:1.1.1:compile
[INFO] |  \- org.springframework:spring-tx:jar:3.2.4.RELEASE:compile
[INFO] |     \- aopalliance:aopalliance:jar:1.0:compile
[INFO] +- org.slf4j:jcl-over-slf4j:jar:1.7.5:compile
[INFO] |  \- org.slf4j:slf4j-api:jar:1.7.5:compile
[INFO] +- org.springframework:spring-test:jar:3.2.4.RELEASE:compile
[INFO] \- junit:junit:jar:4.11:compile
[INFO]    \- org.hamcrest:hamcrest-core:jar:1.3:compile
[INFO]                                                                         
[INFO] ------------------------------------------------------------------------
[INFO] Building web Desc 1.0.0-SNAPSHOT
[INFO] ------------------------------------------------------------------------
[INFO] 
[INFO] --- maven-dependency-plugin:2.8:tree (default-cli) @ loan-pos-web ---
[INFO] com.hrbb.loan.web:loan-pos-web:war:1.0.0-SNAPSHOT
[INFO] +- com.hrbb.loan.ftp.client:loan-ftp-client:jar:0.0.1-SNAPSHOT:compile
[INFO] |  +- log4j:log4j:jar:1.2.17:compile
[INFO] |  +- commons-logging:commons-logging:jar:1.2:compile
[INFO] |  +- commons-codec:commons-codec:jar:1.10:compile
[INFO] |  \- org.slf4j:slf4j-log4j12:jar:1.7.5:compile
[INFO] +- net.lingala.zip4j:zip4j:jar:1.3.2:compile
[INFO] +- com.hrbb.loan.pos.creditInvestigate:amarcrq-reportjson-decode:jar:b21_g:3.0-beta:compile
[INFO] +- com.hrbb.loan:gnete-commons:jar:1.0.0:compile
[INFO] +- com.hrbb.sh.framework:framework:jar:1.2.1-SNAPSHOT:compile
[INFO] |  +- com.thoughtworks.xstream:xstream:jar:1.4.8:compile
[INFO] |  |  +- xmlpull:xmlpull:jar:1.1.3.1:compile
[INFO] |  |  \- xpp3:xpp3_min:jar:1.1.4c:compile
[INFO] |  +- org.slf4j:slf4j-api:jar:1.7.5:compile
[INFO] |  +- commons-net:commons-net:jar:3.3:compile
[INFO] |  +- joda-time:joda-time:jar:2.7:compile
[INFO] |  +- org.codehaus.jackson:jackson-mapper-asl:jar:1.9.12:compile
[INFO] |  +- org.codehaus.jackson:jackson-core-asl:jar:1.9.12:compile
[INFO] |  +- org.apache.curator:curator-client:jar:2.7.1:compile
[INFO] |  |  +- org.apache.zookeeper:zookeeper:jar:3.4.6:compile
[INFO] |  |  |  \- jline:jline:jar:0.9.94:compile
[INFO] |  |  \- com.google.guava:guava:jar:16.0:compile
[INFO] |  +- org.apache.curator:curator-framework:jar:2.7.1:compile
[INFO] |  +- org.apache.curator:curator-recipes:jar:2.7.1:compile
[INFO] |  \- com.unionpaysmart:sdk4hrbb:jar:0.0.3:compile
[INFO] +- com.hrbb.loan.acct.facade:loan-acct-facade:jar:1.0.0-SNAPSHOT:compile
[INFO] |  \- org.hibernate:hibernate-validator:jar:5.0.0.Final:compile
[INFO] |     +- javax.validation:validation-api:jar:1.1.0.Final:compile
[INFO] |     +- org.jboss.logging:jboss-logging:jar:3.1.1.GA:compile
[INFO] |     +- com.fasterxml:classmate:jar:0.8.0:compile
[INFO] |     \- org.glassfish.web:javax.el:jar:2.2.4:runtime
[INFO] |        \- javax.el:javax.el-api:jar:2.2.4:runtime
[INFO] +- commons-io:commons-io:jar:2.4:compile
[INFO] +- commons-collections:commons-collections:jar:3.2.1:compile
[INFO] +- org.apache.cxf:cxf-rt-frontend-jaxws:jar:2.7.5:compile
[INFO] |  +- xml-resolver:xml-resolver:jar:1.2:compile
[INFO] |  +- org.apache.cxf:cxf-api:jar:2.7.5:compile
[INFO] |  |  +- org.codehaus.woodstox:woodstox-core-asl:jar:4.2.0:compile
[INFO] |  |  |  \- org.codehaus.woodstox:stax2-api:jar:3.1.1:compile
[INFO] |  |  +- org.apache.ws.xmlschema:xmlschema-core:jar:2.0.3:compile
[INFO] |  |  +- org.apache.geronimo.specs:geronimo-javamail_1.4_spec:jar:1.7.1:compile
[INFO] |  |  \- wsdl4j:wsdl4j:jar:1.6.3:compile
[INFO] |  +- org.apache.cxf:cxf-rt-core:jar:2.7.5:compile
[INFO] |  |  \- com.sun.xml.bind:jaxb-impl:jar:2.2.6:compile
[INFO] |  +- org.apache.cxf:cxf-rt-bindings-soap:jar:2.7.5:compile
[INFO] |  |  \- org.apache.cxf:cxf-rt-databinding-jaxb:jar:2.7.5:compile
[INFO] |  +- org.apache.cxf:cxf-rt-bindings-xml:jar:2.7.5:compile
[INFO] |  +- org.apache.cxf:cxf-rt-frontend-simple:jar:2.7.5:compile
[INFO] |  \- org.apache.cxf:cxf-rt-ws-addr:jar:2.7.5:compile
[INFO] |     \- org.apache.cxf:cxf-rt-ws-policy:jar:2.7.5:compile
[INFO] |        \- org.apache.neethi:neethi:jar:3.0.2:compile
[INFO] +- org.apache.cxf:cxf-rt-transports-http:jar:2.7.5:compile
[INFO] +- org.apache.cxf:cxf-rt-transports-http-jetty:jar:2.7.5:compile
[INFO] |  +- org.eclipse.jetty:jetty-server:jar:8.1.7.v20120910:compile
[INFO] |  |  +- org.eclipse.jetty:jetty-continuation:jar:8.1.7.v20120910:compile
[INFO] |  |  \- org.eclipse.jetty:jetty-http:jar:8.1.7.v20120910:compile
[INFO] |  |     \- org.eclipse.jetty:jetty-io:jar:8.1.7.v20120910:compile
[INFO] |  |        \- org.eclipse.jetty:jetty-util:jar:8.1.7.v20120910:compile
[INFO] |  \- org.eclipse.jetty:jetty-security:jar:8.1.7.v20120910:compile
[INFO] +- com.loan.pos.creditInvestigate:are:jar:rc1_g:1.0b91:compile
[INFO] +- org.slf4j:jcl-over-slf4j:jar:1.7.5:compile
[INFO] +- javax.servlet:servlet-api:jar:2.5:compile
[INFO] +- io.netty:netty-all:jar:4.0.25.Final:compile
[INFO] +- org.springframework:spring-context:jar:3.2.4.RELEASE:compile
[INFO] +- org.springframework:spring-core:jar:3.2.4.RELEASE:compile
[INFO] +- org.springframework:spring-beans:jar:3.2.4.RELEASE:compile
[INFO] +- org.springframework:spring-test:jar:3.2.4.RELEASE:compile
[INFO] +- org.springframework:spring-web:jar:3.2.4.RELEASE:compile
[INFO] |  \- aopalliance:aopalliance:jar:1.0:compile
[INFO] +- org.springframework:spring-webmvc:jar:3.2.4.RELEASE:compile
[INFO] +- org.springframework:spring-aop:jar:3.2.4.RELEASE:compile
[INFO] +- org.springframework:spring-jdbc:jar:3.2.4.RELEASE:compile
[INFO] +- org.springframework:spring-tx:jar:3.2.4.RELEASE:compile
[INFO] +- org.springframework:spring-context-support:jar:3.2.4.RELEASE:compile
[INFO] +- org.springframework:spring-orm:jar:3.2.4.RELEASE:compile
[INFO] +- org.springframework:spring-jms:jar:3.2.4.RELEASE:compile
[INFO] +- org.springframework:spring-expression:jar:3.2.4.RELEASE:compile
[INFO] +- org.springframework:spring-aspects:jar:3.2.4.RELEASE:compile
[INFO] |  \- org.aspectj:aspectjweaver:jar:1.7.2:compile
[INFO] +- org.mybatis:mybatis:jar:3.1.1:compile
[INFO] +- org.mybatis:mybatis-spring:jar:1.1.1:compile
[INFO] +- org.mybatis:mybatis-ehcache:jar:1.0.0:compile
[INFO] |  \- net.sf.ehcache:ehcache-core:jar:2.0.0:compile
[INFO] +- mysql:mysql-connector-java:jar:5.1.32:compile
[INFO] +- junit:junit:jar:4.11:compile
[INFO] |  \- org.hamcrest:hamcrest-core:jar:1.3:compile
[INFO] +- commons-lang:commons-lang:jar:2.6:compile
[INFO] +- commons-beanutils:commons-beanutils:jar:1.8.3:compile
[INFO] +- opensymphony:sitemesh:jar:2.4.2:compile
[INFO] +- org.freemarker:freemarker:jar:2.3.19:compile
[INFO] +- com.google.code.gson:gson:jar:2.2.4:compile
[INFO] +- org.springframework.data:spring-data-commons:jar:1.7.0.RELEASE:compile
[INFO] +- org.springframework.security:spring-security-core:jar:3.2.4.RELEASE:compile
[INFO] +- org.springframework.security:spring-security-web:jar:3.2.4.RELEASE:compile
[INFO] +- org.springframework.security:spring-security-config:jar:3.2.4.RELEASE:compile
[INFO] +- commons-fileupload:commons-fileupload:jar:1.2.1:compile
[INFO] +- cglib:cglib-nodep:jar:3.1:compile
[INFO] +- cglib:cglib:jar:3.1:compile
[INFO] |  \- org.ow2.asm:asm:jar:4.2:compile
[INFO] +- javax.servlet:jstl:jar:1.2:compile
[INFO] +- com.fasterxml.jackson.core:jackson-core:jar:2.2.4:compile
[INFO] +- com.fasterxml.jackson.core:jackson-annotations:jar:2.2.4:compile
[INFO] +- com.fasterxml.jackson.core:jackson-databind:jar:2.2.4:compile
[INFO] +- com.alibaba:fastjson:jar:1.2.3:compile
[INFO] +- com.caucho:hessian:jar:3.1.5:compile
[INFO] +- org.apache.httpcomponents:httpclient:jar:4.3.6:compile
[INFO] |  \- org.apache.httpcomponents:httpcore:jar:4.3.3:compile
[INFO] +- com.hrbb.loan.biz:loan-pos-biz:jar:1.0.0-SNAPSHOT:compile
[INFO] |  +- com.hrbb.loan.pos.aic:Authcode:jar:1.0:compile
[INFO] |  +- com.hrbb.loan:loan-pos-xstream:jar:1.0.0-SNAPSHOT:compile
[INFO] |  +- com.hrbb.loan.service:loan-pos-service:jar:1.0.0-SNAPSHOT:compile
[INFO] |  |  \- com.hrbb.loan.common.dal:loan-pos-dal:jar:1.0.0-SNAPSHOT:compile
[INFO] |  +- com.hrbb.loan.common.integration:loan-pos-integration:jar:1.0.0-SNAPSHOT:compile
[INFO] |  |  +- javax.xml:jaxrpc-api:jar:1.1:compile
[INFO] |  |  +- org.apache.axis:axis:jar:1.4:compile
[INFO] |  |  +- commons-httpclient:commons-httpclient:jar:3.1:compile
[INFO] |  |  +- com.hrbb.loan.runtime:runtime:jar:1.0.0-SNAPSHOT:compile
[INFO] |  |  |  \- org.apache.mina:mina-core:jar:2.0.7:compile
[INFO] |  |  \- com.hrbb.loan.common:common:jar:1.0.0-SNAPSHOT:compile
[INFO] |  +- com.jcraft:jsch:jar:0.1.51:compile
[INFO] |  \- org.jodd:jodd-core:jar:3.6.3:compile
[INFO] +- com.hrbb.loan.common.util:loan-pos-util:jar:1.0.0-SNAPSHOT:compile
[INFO] |  +- org.apache.poi:poi:jar:3.11:compile
[INFO] |  +- org.apache.poi:poi-ooxml:jar:3.11:compile
[INFO] |  |  \- org.apache.poi:poi-ooxml-schemas:jar:3.11:compile
[INFO] |  |     \- org.apache.xmlbeans:xmlbeans:jar:2.6.0:compile
[INFO] |  |        \- stax:stax-api:jar:1.0.1:compile
[INFO] |  \- org.apache.commons:commons-lang3:jar:3.3.2:compile
[INFO] +- com.hrbb.loan.facade:loan-pos-facade:jar:1.0.0-SNAPSHOT:compile
[INFO] +- dom4j:dom4j:jar:1.6.1:compile
[INFO] |  \- xml-apis:xml-apis:jar:1.0.b2:compile
[INFO] +- jaxen:jaxen:jar:1.1.6:compile
[INFO] +- org.quartz-scheduler:quartz:jar:2.2.1:compile
[INFO] |  \- c3p0:c3p0:jar:0.9.1.2:compile
[INFO] \- com.hrbb.ump.facade:ump-facade:jar:1.0.0-SNAPSHOT:compile
[INFO]                                                                         
[INFO] ------------------------------------------------------------------------
[INFO] Building seperate tools 1.0.0-SNAPSHOT
[INFO] ------------------------------------------------------------------------
[INFO] 
[INFO] --- maven-dependency-plugin:2.8:tree (default-cli) @ loan-pos-tools ---
[INFO] com.hrbb.loan.tools:loan-pos-tools:jar:1.0.0-SNAPSHOT
[INFO] +- com.alibaba:fastjson:jar:1.2.3:compile
[INFO] +- com.hrbb.loan.ftp.client:loan-ftp-client:jar:0.0.1-SNAPSHOT:compile
[INFO] |  +- io.netty:netty-all:jar:4.0.25.Final:compile
[INFO] |  +- log4j:log4j:jar:1.2.17:compile
[INFO] |  +- commons-logging:commons-logging:jar:1.2:compile
[INFO] |  +- javax.servlet:servlet-api:jar:2.5:compile
[INFO] |  +- commons-fileupload:commons-fileupload:jar:1.2.1:compile
[INFO] |  +- commons-collections:commons-collections:jar:3.2.1:compile
[INFO] |  +- org.apache.httpcomponents:httpclient:jar:4.3.6:compile
[INFO] |  |  \- org.apache.httpcomponents:httpcore:jar:4.3.3:compile
[INFO] |  +- commons-codec:commons-codec:jar:1.10:compile
[INFO] |  +- org.springframework:spring-web:jar:3.2.4.RELEASE:compile
[INFO] |  +- org.springframework:spring-webmvc:jar:3.2.4.RELEASE:compile
[INFO] |  +- org.springframework:spring-jms:jar:3.2.4.RELEASE:compile
[INFO] |  +- org.springframework:spring-aspects:jar:3.2.4.RELEASE:compile
[INFO] |  |  \- org.aspectj:aspectjweaver:jar:1.7.2:compile
[INFO] |  +- org.springframework.data:spring-data-commons:jar:1.7.0.RELEASE:compile
[INFO] |  +- org.springframework.security:spring-security-core:jar:3.2.4.RELEASE:compile
[INFO] |  +- org.springframework.security:spring-security-web:jar:3.2.4.RELEASE:compile
[INFO] |  +- org.springframework.security:spring-security-config:jar:3.2.4.RELEASE:compile
[INFO] |  \- org.slf4j:slf4j-log4j12:jar:1.7.5:compile
[INFO] +- com.caucho:hessian:jar:3.1.5:compile
[INFO] +- org.slf4j:jcl-over-slf4j:jar:1.7.5:compile
[INFO] |  \- org.slf4j:slf4j-api:jar:1.7.5:compile
[INFO] +- org.springframework:spring-context:jar:3.2.4.RELEASE:compile
[INFO] +- org.springframework:spring-core:jar:3.2.4.RELEASE:compile
[INFO] +- org.springframework:spring-beans:jar:3.2.4.RELEASE:compile
[INFO] +- org.springframework:spring-test:jar:3.2.4.RELEASE:compile
[INFO] +- org.springframework:spring-aop:jar:3.2.4.RELEASE:compile
[INFO] |  \- aopalliance:aopalliance:jar:1.0:compile
[INFO] +- org.springframework:spring-jdbc:jar:3.2.4.RELEASE:compile
[INFO] +- org.springframework:spring-tx:jar:3.2.4.RELEASE:compile
[INFO] +- org.springframework:spring-context-support:jar:3.2.4.RELEASE:compile
[INFO] +- org.springframework:spring-orm:jar:3.2.4.RELEASE:compile
[INFO] +- org.springframework:spring-expression:jar:3.2.4.RELEASE:compile
[INFO] +- org.mybatis:mybatis:jar:3.1.1:compile
[INFO] +- org.mybatis:mybatis-spring:jar:1.1.1:compile
[INFO] +- org.mybatis:mybatis-ehcache:jar:1.0.0:compile
[INFO] |  \- net.sf.ehcache:ehcache-core:jar:2.0.0:compile
[INFO] +- junit:junit:jar:4.11:compile
[INFO] |  \- org.hamcrest:hamcrest-core:jar:1.3:compile
[INFO] +- commons-io:commons-io:jar:2.4:compile
[INFO] +- commons-lang:commons-lang:jar:2.6:compile
[INFO] +- commons-beanutils:commons-beanutils:jar:1.8.3:compile
[INFO] +- mysql:mysql-connector-java:jar:5.1.32:compile
[INFO] +- com.hrbb.loan.common.dal:loan-pos-dal:jar:1.0.0-SNAPSHOT:compile
[INFO] |  +- c3p0:c3p0:jar:0.9.1.2:compile
[INFO] |  +- cglib:cglib-nodep:jar:3.1:compile
[INFO] |  \- com.google.guava:guava:jar:16.0:compile
[INFO] +- com.hrbb.loan.common.util:loan-pos-util:jar:1.0.0-SNAPSHOT:compile
[INFO] |  +- commons-net:commons-net:jar:3.3:compile
[INFO] |  +- com.thoughtworks.xstream:xstream:jar:1.4.8:compile
[INFO] |  |  +- xmlpull:xmlpull:jar:1.1.3.1:compile
[INFO] |  |  \- xpp3:xpp3_min:jar:1.1.4c:compile
[INFO] |  +- org.apache.poi:poi:jar:3.11:compile
[INFO] |  +- org.apache.poi:poi-ooxml:jar:3.11:compile
[INFO] |  |  \- org.apache.poi:poi-ooxml-schemas:jar:3.11:compile
[INFO] |  |     \- org.apache.xmlbeans:xmlbeans:jar:2.6.0:compile
[INFO] |  |        \- stax:stax-api:jar:1.0.1:compile
[INFO] |  +- org.apache.commons:commons-lang3:jar:3.3.2:compile
[INFO] |  \- dom4j:dom4j:jar:1.6.1:compile
[INFO] |     \- xml-apis:xml-apis:jar:1.0.b2:compile
[INFO] +- com.hrbb.sh:h-framework:jar:1.2.0-SNAPSHOT:compile
[INFO] |  +- joda-time:joda-time:jar:2.7:compile
[INFO] |  +- org.codehaus.jackson:jackson-mapper-asl:jar:1.9.12:compile
[INFO] |  +- org.codehaus.jackson:jackson-core-asl:jar:1.9.12:compile
[INFO] |  +- opensymphony:sitemesh:jar:2.4.2:compile
[INFO] |  +- org.freemarker:freemarker:jar:2.3.19:compile
[INFO] |  \- com.google.code.gson:gson:jar:2.2.4:compile
[INFO] \- com.hrbb.sh.framework:framework:jar:1.2.1-SNAPSHOT:compile
[INFO]    +- org.apache.curator:curator-client:jar:2.7.1:compile
[INFO]    |  \- org.apache.zookeeper:zookeeper:jar:3.4.6:compile
[INFO]    |     +- jline:jline:jar:0.9.94:compile
[INFO]    |     \- io.netty:netty:jar:3.7.0.Final:compile
[INFO]    +- org.apache.curator:curator-framework:jar:2.7.1:compile
[INFO]    +- org.apache.curator:curator-recipes:jar:2.7.1:compile
[INFO]    \- com.unionpaysmart:sdk4hrbb:jar:0.0.3:compile
[INFO] ------------------------------------------------------------------------
[INFO] Reactor Summary:
[INFO] 
[INFO] loan ............................................... SUCCESS [  1.743 s]
[INFO] loan-pos-xstream ................................... SUCCESS [  0.070 s]
[INFO] common-util Desc ................................... SUCCESS [  0.075 s]
[INFO] common-dal Desc .................................... SUCCESS [  0.170 s]
[INFO] service Desc ....................................... SUCCESS [  0.086 s]
[INFO] common-facade Desc ................................. SUCCESS [  0.016 s]
[INFO] common-integration Desc ............................ SUCCESS [  0.069 s]
[INFO] biz Desc ........................................... SUCCESS [  0.397 s]
[INFO] test Desc .......................................... SUCCESS [  0.113 s]
[INFO] web Desc ........................................... SUCCESS [  0.527 s]
[INFO] seperate tools ..................................... SUCCESS [  0.170 s]
[INFO] ------------------------------------------------------------------------
[INFO] BUILD SUCCESS
[INFO] ------------------------------------------------------------------------
[INFO] Total time: 4.234 s
[INFO] Finished at: 2015-08-03T17:16:25+08:00
[INFO] Final Memory: 19M/213M
[INFO] ------------------------------------------------------------------------
[WARNING] The requested profile "hrbb" could not be activated because it does not exist.
